Debug information for CONTRACT_TYPE 'AS_Mun_Memorial':

Configuration:
CONTRACT_TYPE
{
	name = AS_Mun_Memorial
	group = AnomalySurveyor
	title = Visit a structure on the Mun.
	description = Something in the northwest crater on the Mun caught our attention.  Go check it out.
	synopsis = Investigate a structure on the Mun.
	completedMessage = Great job, let's get you home now.
	tag = SCANsat
	prestige = Trivial
	targetBody = Mun
	agent = Anomaly Surveyor Group
	notes = [Make sure to turn the detail settings to High for this one, or you won't see anything.]
	maxCompletions = 1
	rewardFunds = 130000
	rewardReputation = 5.5
	PARAMETER
	{
		name = WP0
		type = All
		title = Investigate the Mun anomaly
		targetBody = @/targetBody
		PARAMETER
		{
			name = VesselIsType
			type = VesselIsType
			vesselType = EVA
			targetBody = @/targetBody
		}
		PARAMETER
		{
			name = VisitWaypoint
			type = VisitWaypoint
			index = 0
			distance = 35
			targetBody = @/targetBody
		}
	}
	BEHAVIOUR
	{
		name = WaypointGenerator
		type = WaypointGenerator
		WAYPOINT
		{
			name = Memorial
			icon = ContractPacks/AnomalySurveyor/Icons/unknown
			latitude = 0.702755930739038
			longitude = -337.253233355146
			altitude = 14.2626853691763
			targetBody = @/targetBody
		}
	}
	BEHAVIOUR
	{
		type = DialogBox
		DIALOG_BOX
		{
			title = Memorial
			condition = PARAMETER_COMPLETED
			parameter = WP0
			INSTRUCTOR
			{
				name = Instructor_Gene
			}
			TEXT
			{
				text = That's one small step for a Kerbal... wait, how does it go?
			}
		}
	}
	REQUIREMENT
	{
		name = Orbit
		type = Orbit
		targetBody = @/targetBody
	}
	REQUIREMENT
	{
		name = WP1
		type = SCANsatLocationCoverage
		latitude = 0.702755930739038
		longitude = -337.253233355146
		targetBody = @/targetBody
	}
}

Data Nodes:
AS_Mun_Memorial
    AnomalySurveyor:name = AnomalySurveyor, deterministic = True
    AnomalySurveyor:displayName = Anomaly Surveyor, deterministic = True
    AnomalySurveyor:minVersion = 1.7.3, deterministic = True
    AnomalySurveyor:maxCompletions = 0, deterministic = True
    AnomalySurveyor:maxSimultaneous = 5, deterministic = True
    AnomalySurveyor:disabledContractType = [], deterministic = True
    name = AS_Mun_Memorial, deterministic = True
    trace = False, deterministic = True
    title = Visit a structure on the Mun., deterministic = True
    tag = SCANsat, deterministic = True
    description = Something in the northwest crater on the Mun caught our attention.  Go check it out., deterministic = True
    topic = , deterministic = True
    subject = , deterministic = True
    motivation = , deterministic = True
    notes = [Make sure to turn the detail settings to High for this one, or you won't see anything.], deterministic = True
    synopsis = Investigate a structure on the Mun., deterministic = True
    completedMessage = Great job, let's get you home now., deterministic = True
    agent = Contracts.Agents.Agent, deterministic = True
    minExpiry = 1, deterministic = True
    maxExpiry = 7, deterministic = True
    deadline = 0, deterministic = True
    cancellable = True, deterministic = True
    declinable = True, deterministic = True
    autoAccept = False, deterministic = True
    prestige = [ Trivial ], deterministic = True
    targetBody = Mun (CelestialBody), deterministic = True
    maxCompletions = 1, deterministic = True
    maxSimultaneous = 0, deterministic = True
    rewardFunds = 130000, deterministic = True
    rewardReputation = 5.5, deterministic = True
    rewardScience = 0, deterministic = True
    failureFunds = 0, deterministic = True
    failureReputation = 0, deterministic = True
    advanceFunds = 0, deterministic = True
    weight = 1, deterministic = True

	WP0
	    type = All, deterministic = True
	    name = WP0, deterministic = True
	    targetBody = Mun (CelestialBody), deterministic = True
	    rewardFunds = 0, deterministic = True
	    rewardReputation = 0, deterministic = True
	    rewardScience = 0, deterministic = True
	    failureFunds = 0, deterministic = True
	    failureReputation = 0, deterministic = True
	    optional = False, deterministic = True
	    disableOnStateChange = null, deterministic = True
	    completeInSequence = False, deterministic = True
	    hidden = False, deterministic = True
	    hideChildren = False, deterministic = True
	    title = Investigate the Mun anomaly, deterministic = True
	    notes = null, deterministic = True
	    completedMessage = null, deterministic = True
	
		VesselIsType
		    type = VesselIsType, deterministic = True
		    name = VesselIsType, deterministic = True
		    targetBody = Mun (CelestialBody), deterministic = True
		    rewardFunds = 0, deterministic = True
		    rewardReputation = 0, deterministic = True
		    rewardScience = 0, deterministic = True
		    failureFunds = 0, deterministic = True
		    failureReputation = 0, deterministic = True
		    optional = False, deterministic = True
		    disableOnStateChange = null, deterministic = True
		    completeInSequence = False, deterministic = True
		    hidden = False, deterministic = True
		    hideChildren = False, deterministic = True
		    title = null, deterministic = True
		    notes = null, deterministic = True
		    completedMessage = null, deterministic = True
		    vesselType = EVA, deterministic = True
		
		VisitWaypoint
		    type = VisitWaypoint, deterministic = True
		    name = VisitWaypoint, deterministic = True
		    targetBody = Mun (CelestialBody), deterministic = True
		    rewardFunds = 0, deterministic = True
		    rewardReputation = 0, deterministic = True
		    rewardScience = 0, deterministic = True
		    failureFunds = 0, deterministic = True
		    failureReputation = 0, deterministic = True
		    optional = False, deterministic = True
		    disableOnStateChange = null, deterministic = True
		    completeInSequence = False, deterministic = True
		    hidden = False, deterministic = True
		    hideChildren = False, deterministic = True
		    title = null, deterministic = True
		    notes = null, deterministic = True
		    completedMessage = null, deterministic = True
		    index = 0, deterministic = True
		    distance = 35, deterministic = True
		    hideOnCompletion = True, deterministic = True
		    showMessages = False, deterministic = True
		
	WaypointGenerator
	    type = WaypointGenerator, deterministic = True
	    name = WaypointGenerator, deterministic = True
	    targetBody = null, deterministic = True
	
		WAYPOINT_0
		    type = WAYPOINT, deterministic = True
		    targetBody = Mun (CelestialBody), deterministic = True
		    name = [ Memorial ], deterministic = True
		    altitude = 14.2626853691763, deterministic = True
		    parameter = [], deterministic = True
		    hidden = False, deterministic = True
		    icon = ContractPacks/AnomalySurveyor/Icons/unknown, deterministic = True
		    underwater = False, deterministic = True
		    clustered = False, deterministic = True
		    latitude = 0.702755930739038, deterministic = True
		    longitude = -337.253233355146, deterministic = True
		
	DialogBox
	    type = DialogBox, deterministic = True
	    name = DialogBox, deterministic = True
	    targetBody = null, deterministic = True
	
		DIALOG_BOX_0
		    condition = PARAMETER_COMPLETED, deterministic = True
		    position = LEFT, deterministic = True
		    width = 0.8, deterministic = True
		    height = 0, deterministic = True
		    title = Memorial, deterministic = True
		    titleColor = RGBA(1.000, 1.000, 1.000, 1.000), deterministic = True
		    parameter = WP0, deterministic = True
		
			DIALOG_BOX_0_0
			    name = Instructor_Gene, deterministic = True
			    showName = True, deterministic = True
			    characterName = , deterministic = True
			    textColor = RGBA(0.729, 0.855, 0.333, 1.000), deterministic = True
			    animation = null, deterministic = True
			
			DIALOG_BOX_0_1
			    text = That's one small step for a Kerbal... wait, how does it go?, deterministic = True
			    textColor = RGBA(0.800, 0.800, 0.800, 1.000), deterministic = True
			    fontSize = 20, deterministic = True
			
	Orbit
	    type = Orbit, deterministic = True
	    name = Orbit, deterministic = True
	    targetBody = Mun (CelestialBody), deterministic = True
	    checkOnActiveContract = False, deterministic = True
	    invertRequirement = False, deterministic = True
	    checkType = null, deterministic = True
	
	WP1
	    type = SCANsatLocationCoverage, deterministic = True
	    name = WP1, deterministic = True
	    targetBody = Mun (CelestialBody), deterministic = True
	    checkOnActiveContract = False, deterministic = True
	    invertRequirement = False, deterministic = True
	    scanType = Anomaly, deterministic = True
	    latitude = 0.702755930739038, deterministic = True
	    longitude = -337.253233355146, deterministic = True
	    pqsCity = null, deterministic = True
	

Output log:
[INFO] ContractConfigurator.ContractType: Loading CONTRACT_TYPE: 'AS_Mun_Memorial'
[INFO] ContractConfigurator.ContractType: Successfully loaded CONTRACT_TYPE: 'AS_Mun_Memorial'
