Debug information for CONTRACT_TYPE 'AS_Vall_Icehenge':

Configuration:
CONTRACT_TYPE
{
	name = AS_Vall_Icehenge
	group = AnomalySurveyor
	title = Visit strange structures on Vall
	description = Our scans picked up a rather unusual structure on Vall.  Go check it out.
	synopsis = Visit the strange structures on Vall.
	completedMessage = All done in the Jool system?  Let's get you back home now...
	tag = SCANsat
	prestige = Exceptional
	targetBody = Vall
	agent = Anomaly Surveyor Group
	maxCompletions = 1
	rewardFunds = 84500
	rewardReputation = 4.4
	PARAMETER
	{
		name = WP0
		type = All
		title = Visit Icehenge
		targetBody = @/targetBody
		PARAMETER
		{
			name = VesselIsType
			type = VesselIsType
			vesselType = EVA
			targetBody = @/targetBody
		}
		PARAMETER
		{
			name = VisitWaypoint
			type = VisitWaypoint
			index = 0
			distance = 50
			targetBody = @/targetBody
		}
	}
	BEHAVIOUR
	{
		name = WaypointGenerator
		type = WaypointGenerator
		WAYPOINT
		{
			name = Icehenge
			icon = ContractPacks/AnomalySurveyor/Icons/unknown
			latitude = -60.0900852353683
			longitude = 83.7790303011986
			altitude = 0.0741341842804104
			targetBody = @/targetBody
		}
	}
	BEHAVIOUR
	{
		type = DialogBox
		DIALOG_BOX
		{
			title = Icehenge
			condition = PARAMETER_COMPLETED
			parameter = WP0
			INSTRUCTOR
			{
				name = Instructor_Wernher
				animation = idle_wonder
			}
			TEXT
			{
				text = Could there have been an ancient civilization on Laythe that made it all the way to Vall?  Eh... probably not.
			}
		}
	}
	REQUIREMENT
	{
		name = FlyBy
		type = FlyBy
		targetBody = @/targetBody
	}
	REQUIREMENT
	{
		name = WP0
		type = SCANsatLocationCoverage
		latitude = -60.0900852353683
		longitude = 83.7790303011986
		targetBody = @/targetBody
	}
}

Data Nodes:
AS_Vall_Icehenge
    AnomalySurveyor:name = AnomalySurveyor, deterministic = True
    AnomalySurveyor:displayName = Anomaly Surveyor, deterministic = True
    AnomalySurveyor:minVersion = 1.7.3, deterministic = True
    AnomalySurveyor:maxCompletions = 0, deterministic = True
    AnomalySurveyor:maxSimultaneous = 5, deterministic = True
    AnomalySurveyor:disabledContractType = [], deterministic = True
    name = AS_Vall_Icehenge, deterministic = True
    trace = False, deterministic = True
    title = Visit strange structures on Vall, deterministic = True
    tag = SCANsat, deterministic = True
    description = Our scans picked up a rather unusual structure on Vall.  Go check it out., deterministic = True
    topic = , deterministic = True
    subject = , deterministic = True
    motivation = , deterministic = True
    notes = null, deterministic = True
    synopsis = Visit the strange structures on Vall., deterministic = True
    completedMessage = All done in the Jool system?  Let's get you back home now..., deterministic = True
    agent = Contracts.Agents.Agent, deterministic = True
    minExpiry = 1, deterministic = True
    maxExpiry = 7, deterministic = True
    deadline = 0, deterministic = True
    cancellable = True, deterministic = True
    declinable = True, deterministic = True
    autoAccept = False, deterministic = True
    prestige = [ Exceptional ], deterministic = True
    targetBody = Vall (CelestialBody), deterministic = True
    maxCompletions = 1, deterministic = True
    maxSimultaneous = 0, deterministic = True
    rewardFunds = 84500, deterministic = True
    rewardReputation = 4.4, deterministic = True
    rewardScience = 0, deterministic = True
    failureFunds = 0, deterministic = True
    failureReputation = 0, deterministic = True
    advanceFunds = 0, deterministic = True
    weight = 1, deterministic = True

	WP0
	    type = All, deterministic = True
	    name = WP0, deterministic = True
	    targetBody = Vall (CelestialBody), deterministic = True
	    rewardFunds = 0, deterministic = True
	    rewardReputation = 0, deterministic = True
	    rewardScience = 0, deterministic = True
	    failureFunds = 0, deterministic = True
	    failureReputation = 0, deterministic = True
	    optional = False, deterministic = True
	    disableOnStateChange = null, deterministic = True
	    completeInSequence = False, deterministic = True
	    hidden = False, deterministic = True
	    hideChildren = False, deterministic = True
	    title = Visit Icehenge, deterministic = True
	    notes = null, deterministic = True
	    completedMessage = null, deterministic = True
	
		VesselIsType
		    type = VesselIsType, deterministic = True
		    name = VesselIsType, deterministic = True
		    targetBody = Vall (CelestialBody), deterministic = True
		    rewardFunds = 0, deterministic = True
		    rewardReputation = 0, deterministic = True
		    rewardScience = 0, deterministic = True
		    failureFunds = 0, deterministic = True
		    failureReputation = 0, deterministic = True
		    optional = False, deterministic = True
		    disableOnStateChange = null, deterministic = True
		    completeInSequence = False, deterministic = True
		    hidden = False, deterministic = True
		    hideChildren = False, deterministic = True
		    title = null, deterministic = True
		    notes = null, deterministic = True
		    completedMessage = null, deterministic = True
		    vesselType = EVA, deterministic = True
		
		VisitWaypoint
		    type = VisitWaypoint, deterministic = True
		    name = VisitWaypoint, deterministic = True
		    targetBody = Vall (CelestialBody), deterministic = True
		    rewardFunds = 0, deterministic = True
		    rewardReputation = 0, deterministic = True
		    rewardScience = 0, deterministic = True
		    failureFunds = 0, deterministic = True
		    failureReputation = 0, deterministic = True
		    optional = False, deterministic = True
		    disableOnStateChange = null, deterministic = True
		    completeInSequence = False, deterministic = True
		    hidden = False, deterministic = True
		    hideChildren = False, deterministic = True
		    title = null, deterministic = True
		    notes = null, deterministic = True
		    completedMessage = null, deterministic = True
		    index = 0, deterministic = True
		    distance = 50, deterministic = True
		    hideOnCompletion = True, deterministic = True
		    showMessages = False, deterministic = True
		
	WaypointGenerator
	    type = WaypointGenerator, deterministic = True
	    name = WaypointGenerator, deterministic = True
	    targetBody = null, deterministic = True
	
		WAYPOINT_0
		    type = WAYPOINT, deterministic = True
		    targetBody = Vall (CelestialBody), deterministic = True
		    name = [ Icehenge ], deterministic = True
		    altitude = 0.0741341842804104, deterministic = True
		    parameter = [], deterministic = True
		    hidden = False, deterministic = True
		    icon = ContractPacks/AnomalySurveyor/Icons/unknown, deterministic = True
		    underwater = False, deterministic = True
		    clustered = False, deterministic = True
		    latitude = -60.0900852353683, deterministic = True
		    longitude = 83.7790303011986, deterministic = True
		
	DialogBox
	    type = DialogBox, deterministic = True
	    name = DialogBox, deterministic = True
	    targetBody = null, deterministic = True
	
		DIALOG_BOX_0
		    condition = PARAMETER_COMPLETED, deterministic = True
		    position = LEFT, deterministic = True
		    width = 0.8, deterministic = True
		    height = 0, deterministic = True
		    title = Icehenge, deterministic = True
		    titleColor = RGBA(1.000, 1.000, 1.000, 1.000), deterministic = True
		    parameter = WP0, deterministic = True
		
			DIALOG_BOX_0_0
			    name = Instructor_Wernher, deterministic = True
			    showName = True, deterministic = True
			    characterName = , deterministic = True
			    textColor = RGBA(0.729, 0.855, 0.333, 1.000), deterministic = True
			    animation = idle_wonder, deterministic = True
			
			DIALOG_BOX_0_1
			    text = Could there have been an ancient civilization on Laythe that made it all the way to Vall?  Eh... probably not., deterministic = True
			    textColor = RGBA(0.800, 0.800, 0.800, 1.000), deterministic = True
			    fontSize = 20, deterministic = True
			
	FlyBy
	    type = FlyBy, deterministic = True
	    name = FlyBy, deterministic = True
	    targetBody = Vall (CelestialBody), deterministic = True
	    checkOnActiveContract = False, deterministic = True
	    invertRequirement = False, deterministic = True
	    checkType = null, deterministic = True
	
	WP0_1
	    type = SCANsatLocationCoverage, deterministic = True
	    name = WP0, deterministic = True
	    targetBody = Vall (CelestialBody), deterministic = True
	    checkOnActiveContract = False, deterministic = True
	    invertRequirement = False, deterministic = True
	    scanType = Anomaly, deterministic = True
	    latitude = -60.0900852353683, deterministic = True
	    longitude = 83.7790303011986, deterministic = True
	    pqsCity = null, deterministic = True
	

Output log:
[INFO] ContractConfigurator.ContractType: Loading CONTRACT_TYPE: 'AS_Vall_Icehenge'
[INFO] ContractConfigurator.ContractType: Successfully loaded CONTRACT_TYPE: 'AS_Vall_Icehenge'
