Debug information for CONTRACT_TYPE 'FirstUnmannedDunaLanding':

Configuration:
CONTRACT_TYPE
{
	name = FirstUnmannedDunaLanding
	group = SpaceTuxGroup
	title = Land a probe on the Duna!
	topic = landing
	subject = DunaSrf
	motivation = want to be sure the Duna will support a ship (isn't made out of dust) before we send a manned craft.  This will be a monumental achievement.
	notes = Complete the following:
	synopsis = Launch an unmanned probe and have it land on the Duna
	completedMessage = Future generations will remember this day.
	agent = Space Penguins, Inc
	minExpiry = 50.0
	maxExpiry = 100.0
	deadline = 100
	cancellable = true
	declinable = true
	prestige = Significant
	targetBody = Duna
	maxCompletions = 1
	maxSimultaneous = 1
	rewardScience = 25.0
	rewardReputation = 20.0
	rewardFunds = Random(38000.0, 42000.0)
	advanceFunds = Random(19000.0, 21000.0)
	REQUIREMENT
	{
		name = ReachSpace5755
		type = ReachSpace
		targetBody = @/targetBody
	}
	REQUIREMENT
	{
		name = Nolanding5755
		type = Landing
		targetBody = Duna
		invertRequirement = true
	}
	REQUIREMENT
	{
		name = CompleteContract5756
		type = CompleteContract
		contractType = FirstDunaImpact
		minCount = 1
		cooldownDuration = 10d
		targetBody = @/targetBody
	}
	REQUIREMENT
	{
		name = PartUnlocked
		type = PartUnlocked
		part = commDish
		targetBody = @/targetBody
	}
	REQUIREMENT
	{
		name = PartModuleTypeUnlocked
		type = PartModuleTypeUnlocked
		partModuleType = Antenna
		partModuleType = Power
		targetBody = @/targetBody
	}
	PARAMETER
	{
		name = VPG_5756
		type = VesselParameterGroup
		targetBody = @/targetBody
		PARAMETER
		{
			name = HasCrew5756
			type = HasCrew
			maxCrew = 0
			minCrew = 0
			targetBody = @/targetBody
		}
		PARAMETER
		{
			name = ReachState5756
			type = ReachState
			situation = LANDED
			completeInSequence = true
			disableOnStateChange = true
			targetBody = @/targetBody
		}
	}
}

Data Nodes:
FirstUnmannedDunaLanding
    SpaceTuxGroup:name = SpaceTuxGroup, deterministic = True
    SpaceTuxGroup:displayName = SpaceTuxGroup, deterministic = True
    SpaceTuxGroup:minVersion = 0.7.0, deterministic = True
    SpaceTuxGroup:maxCompletions = 0, deterministic = True
    SpaceTuxGroup:maxSimultaneous = 4, deterministic = True
    SpaceTuxGroup:disabledContractType = [], deterministic = True
    name = FirstUnmannedDunaLanding, deterministic = True
    trace = False, deterministic = True
    title = Land a probe on the Duna!, deterministic = True
    tag = , deterministic = True
    description = null, deterministic = True
    topic = landing, deterministic = True
    subject = DunaSrf, deterministic = True
    motivation = want to be sure the Duna will support a ship (isn't made out of dust) before we send a manned craft.  This will be a monumental achievement., deterministic = True
    notes = Complete the following:, deterministic = True
    synopsis = Launch an unmanned probe and have it land on the Duna, deterministic = True
    completedMessage = Future generations will remember this day., deterministic = True
    agent = Contracts.Agents.Agent, deterministic = True
    minExpiry = 50, deterministic = True
    maxExpiry = 100, deterministic = True
    deadline = 100, deterministic = True
    cancellable = True, deterministic = True
    declinable = True, deterministic = True
    autoAccept = False, deterministic = True
    prestige = [ Significant ], deterministic = True
    targetBody = Duna (CelestialBody), deterministic = True
    maxCompletions = 1, deterministic = True
    maxSimultaneous = 1, deterministic = True
    rewardFunds = 38537.14, deterministic = False
    rewardReputation = 20, deterministic = True
    rewardScience = 25, deterministic = True
    failureFunds = 0, deterministic = True
    failureReputation = 0, deterministic = True
    advanceFunds = 20383.7, deterministic = False
    weight = 1, deterministic = True

	VPG_5756
	    type = VesselParameterGroup, deterministic = True
	    name = VPG_5756, deterministic = True
	    targetBody = Duna (CelestialBody), deterministic = True
	    rewardFunds = 0, deterministic = True
	    rewardReputation = 0, deterministic = True
	    rewardScience = 0, deterministic = True
	    failureFunds = 0, deterministic = True
	    failureReputation = 0, deterministic = True
	    optional = False, deterministic = True
	    disableOnStateChange = null, deterministic = True
	    completeInSequence = False, deterministic = True
	    hidden = False, deterministic = True
	    hideChildren = False, deterministic = True
	    title = null, deterministic = True
	    notes = null, deterministic = True
	    completedMessage = null, deterministic = True
	    duration = 00:00:00, deterministic = True
	    define = null, deterministic = True
	    defineList = null, deterministic = True
	    vessel = [], deterministic = True
	    dissassociateVesselsOnContractFailure = True, deterministic = True
	    dissassociateVesselsOnContractCompletion = False, deterministic = True
	    hideVesselName = False, deterministic = True
	
		HasCrew5756
		    type = HasCrew, deterministic = True
		    name = HasCrew5756, deterministic = True
		    targetBody = Duna (CelestialBody), deterministic = True
		    rewardFunds = 0, deterministic = True
		    rewardReputation = 0, deterministic = True
		    rewardScience = 0, deterministic = True
		    failureFunds = 0, deterministic = True
		    failureReputation = 0, deterministic = True
		    optional = False, deterministic = True
		    disableOnStateChange = null, deterministic = True
		    completeInSequence = False, deterministic = True
		    hidden = False, deterministic = True
		    hideChildren = False, deterministic = True
		    title = null, deterministic = True
		    notes = null, deterministic = True
		    completedMessage = null, deterministic = True
		    trait = null, deterministic = True
		    minExperience = 0, deterministic = True
		    maxExperience = 5, deterministic = True
		    minCrew = 0, deterministic = True
		    maxCrew = 0, deterministic = True
		    kerbal = [], deterministic = True
		
		ReachState5756
		    type = ReachState, deterministic = True
		    name = ReachState5756, deterministic = True
		    targetBody = Duna (CelestialBody), deterministic = True
		    rewardFunds = 0, deterministic = True
		    rewardReputation = 0, deterministic = True
		    rewardScience = 0, deterministic = True
		    failureFunds = 0, deterministic = True
		    failureReputation = 0, deterministic = True
		    optional = False, deterministic = True
		    disableOnStateChange = True, deterministic = True
		    completeInSequence = True, deterministic = True
		    hidden = False, deterministic = True
		    hideChildren = False, deterministic = True
		    title = null, deterministic = True
		    notes = null, deterministic = True
		    completedMessage = null, deterministic = True
		    failWhenUnmet = False, deterministic = True
		    biome = null, deterministic = True
		    situation = [ LANDED ], deterministic = True
		    minAltitude = -3.402823E+38, deterministic = True
		    maxAltitude = 3.402823E+38, deterministic = True
		    minTerrainAltitude = 0, deterministic = True
		    maxTerrainAltitude = 3.402823E+38, deterministic = True
		    minSpeed = 0, deterministic = True
		    maxSpeed = 1.79769313486232E+308, deterministic = True
		    minRateOfClimb = -1.79769313486232E+308, deterministic = True
		    maxRateOfClimb = 1.79769313486232E+308, deterministic = True
		    minAcceleration = 0, deterministic = True
		    maxAcceleration = 3.402823E+38, deterministic = True
		
	ReachSpace5755
	    type = ReachSpace, deterministic = True
	    name = ReachSpace5755, deterministic = True
	    targetBody = Duna (CelestialBody), deterministic = True
	    checkOnActiveContract = False, deterministic = True
	    invertRequirement = False, deterministic = True
	
	Nolanding5755
	    type = Landing, deterministic = True
	    name = Nolanding5755, deterministic = True
	    targetBody = Duna (CelestialBody), deterministic = True
	    checkOnActiveContract = False, deterministic = True
	    invertRequirement = True, deterministic = True
	    checkType = null, deterministic = True
	
	CompleteContract5756
	    type = CompleteContract, deterministic = True
	    name = CompleteContract5756, deterministic = True
	    targetBody = Duna (CelestialBody), deterministic = True
	    checkOnActiveContract = False, deterministic = True
	    invertRequirement = False, deterministic = True
	    contractType = FirstDunaImpact, deterministic = True
	    minCount = 1, deterministic = True
	    maxCount = 4294967295, deterministic = True
	    cooldownDuration = 10 days, deterministic = True
	
	PartUnlocked
	    type = PartUnlocked, deterministic = True
	    name = PartUnlocked, deterministic = True
	    targetBody = Duna (CelestialBody), deterministic = True
	    checkOnActiveContract = False, deterministic = True
	    invertRequirement = False, deterministic = True
	    part = [ commDish ], deterministic = False
	
	PartModuleTypeUnlocked
	    type = PartModuleTypeUnlocked, deterministic = True
	    name = PartModuleTypeUnlocked, deterministic = True
	    targetBody = Duna (CelestialBody), deterministic = True
	    checkOnActiveContract = False, deterministic = True
	    invertRequirement = False, deterministic = True
	    partModuleType = [ Antenna, Power ], deterministic = True
	

Output log:
[INFO] ContractConfigurator.ContractType: Loading CONTRACT_TYPE: 'FirstUnmannedDunaLanding'
[INFO] ContractConfigurator.ContractType: Successfully loaded CONTRACT_TYPE: 'FirstUnmannedDunaLanding'
